<?xml version="1.0" encoding="UTF-8"?>
<!-- Generated by org.testng.reporters.JUnitReportReporter -->
<testsuite hostname="LAPTOP-K29TI9V1" failures="0" tests="1" name="MustPro.AppiumBasics" time="8.306" errors="0" timestamp="2024-04-13T14:05:39 TRT" skipped="0">
  <testcase classname="MustPro.AppiumBasics" name="AppiumTest" time="8.306"/>
  <system-out/>
</testsuite> <!-- MustPro.AppiumBasics -->
