<?xml version="1.0" encoding="UTF-8"?>
<!-- Generated by org.testng.reporters.JUnitReportReporter -->
<testsuite hostname="LAPTOP-K29TI9V1" failures="0" tests="1" name="MustPro.DragDropDemo" time="7.930" errors="0" timestamp="2024-04-13T18:41:10 TRT" skipped="0">
  <testcase classname="MustPro.DragDropDemo" name="DragDropTest" time="7.930"/>
  <system-out/>
</testsuite> <!-- MustPro.DragDropDemo -->
