<?xml version="1.0" encoding="UTF-8"?>
<!-- Generated by org.testng.reporters.JUnitReportReporter -->
<testsuite hostname="LAPTOP-K29TI9V1" failures="0" tests="1" name="MustPro.MisceallanousAppiumActions" time="11.739" errors="0" timestamp="2024-04-14T22:41:52 TRT" skipped="0">
  <testcase classname="MustPro.MisceallanousAppiumActions" name="Miscellanous" time="11.739"/>
  <system-out/>
</testsuite> <!-- MustPro.MisceallanousAppiumActions -->
