<?xml version="1.0" encoding="UTF-8"?>
<!-- Generated by org.testng.reporters.JUnitReportReporter -->
<testsuite hostname="LAPTOP-K29TI9V1" failures="0" tests="1" name="MustPro.ScrollDemo" time="11.030" errors="0" timestamp="2024-04-13T18:17:53 TRT" skipped="0">
  <testcase classname="MustPro.ScrollDemo" name="ScrollDemoTest" time="11.030"/>
  <system-out/>
</testsuite> <!-- MustPro.ScrollDemo -->
